<?xml version="1.0" encoding="UTF-8"?>
<!-- Generated by org.testng.reporters.JUnitXMLReporter -->
<testsuite ignored="0" hostname="Mnuc" failures="0" tests="4" name="Test-CD" time="0.008" errors="0" timestamp="14 Sep 2022 01:23:49 GMT">
  <testcase classname="practiceSTCM.practiceSTCM.C" name="test5" time="0.0"/>
  <testcase classname="practiceSTCM.practiceSTCM.C" name="test6" time="0.001"/>
  <testcase classname="practiceSTCM.practiceSTCM.D" name="test7" time="0.0"/>
  <testcase classname="practiceSTCM.practiceSTCM.D" name="test8" time="0.001"/>
</testsuite> <!-- Test-CD -->
