<?xml version="1.0" encoding="UTF-8"?>
<!-- Generated by org.testng.reporters.JUnitXMLReporter -->
<testsuite ignored="0" hostname="Mnuc" failures="0" tests="4" name="Test-AB" time="0.028" errors="0" timestamp="14 Sep 2022 01:23:49 GMT">
  <testcase classname="practiceSTCM.practiceSTCM.A" name="test1" time="0.005"/>
  <testcase classname="practiceSTCM.practiceSTCM.A" name="test2" time="0.001"/>
  <testcase classname="practiceSTCM.practiceSTCM.B" name="test3" time="0.001"/>
  <testcase classname="practiceSTCM.practiceSTCM.B" name="test4" time="0.0"/>
</testsuite> <!-- Test-AB -->
