<?xml version="1.0" encoding="UTF-8"?>
<!-- Generated by org.testng.reporters.JUnitReportReporter -->
<testsuite ignored="0" hostname="Mnuc" failures="0" tests="2" name="practiceSTCM.practiceSTCM.B" time="0.002" errors="0" timestamp="14 Sep 2022 01:23:49 GMT" skipped="0">
  <testcase classname="practiceSTCM.practiceSTCM.B" name="test4" time="0.000"/>
  <testcase classname="practiceSTCM.practiceSTCM.B" name="test3" time="0.002"/>
</testsuite> <!-- practiceSTCM.practiceSTCM.B -->
