<?xml version="1.0" encoding="UTF-8"?>
<!-- Generated by org.testng.reporters.JUnitReportReporter -->
<testsuite ignored="0" hostname="Mnuc" failures="0" tests="2" name="practiceSTCM.practiceSTCM.D" time="0.001" errors="0" timestamp="14 Sep 2022 01:23:49 GMT" skipped="0">
  <testcase classname="practiceSTCM.practiceSTCM.D" name="test8" time="0.001"/>
  <testcase classname="practiceSTCM.practiceSTCM.D" name="test7" time="0.000"/>
</testsuite> <!-- practiceSTCM.practiceSTCM.D -->
