<?xml version="1.0" encoding="UTF-8"?>
<!-- Generated by org.testng.reporters.JUnitReportReporter -->
<testsuite ignored="0" hostname="Mnuc" failures="0" tests="2" name="practiceSTCM.practiceSTCM.A" time="0.007" errors="0" timestamp="14 Sep 2022 01:23:49 GMT" skipped="0">
  <testcase classname="practiceSTCM.practiceSTCM.A" name="test1" time="0.006"/>
  <testcase classname="practiceSTCM.practiceSTCM.A" name="test2" time="0.001"/>
</testsuite> <!-- practiceSTCM.practiceSTCM.A -->
